{"/Users/elenacherpakova/Desktop/rs_school/node-crud_api/src/service/user.service.ts": {"path":"/Users/elenacherpakova/Desktop/rs_school/node-crud_api/src/service/user.service.ts","statementMap":{"0":{"start":{"line":1,"column":0},"end":{"line":1,"column":26}},"1":{"start":{"line":4,"column":11},"end":{"line":4,"column":31}},"2":{"start":{"line":6,"column":27},"end":{"line":6,"column":62}},"3":{"start":{"line":6,"column":57},"end":{"line":6,"column":62}},"4":{"start":{"line":6,"column":13},"end":{"line":6,"column":27}},"5":{"start":{"line":8,"column":27},"end":{"line":10,"column":1}},"6":{"start":{"line":9,"column":2},"end":{"line":9,"column":46}},"7":{"start":{"line":9,"column":30},"end":{"line":9,"column":44}},"8":{"start":{"line":8,"column":13},"end":{"line":8,"column":27}},"9":{"start":{"line":11,"column":26},"end":{"line":16,"column":1}},"10":{"start":{"line":12,"column":13},"end":{"line":12,"column":17}},"11":{"start":{"line":13,"column":21},"end":{"line":13,"column":39}},"12":{"start":{"line":14,"column":2},"end":{"line":14,"column":25}},"13":{"start":{"line":15,"column":2},"end":{"line":15,"column":20}},"14":{"start":{"line":11,"column":13},"end":{"line":11,"column":26}},"15":{"start":{"line":18,"column":26},"end":{"line":30,"column":1}},"16":{"start":{"line":22,"column":24},"end":{"line":22,"column":65}},"17":{"start":{"line":22,"column":50},"end":{"line":22,"column":64}},"18":{"start":{"line":23,"column":2},"end":{"line":25,"column":3}},"19":{"start":{"line":24,"column":4},"end":{"line":24,"column":null}},"20":{"start":{"line":26,"column":19},"end":{"line":26,"column":39}},"21":{"start":{"line":27,"column":29},"end":{"line":27,"column":59}},"22":{"start":{"line":28,"column":2},"end":{"line":28,"column":37}},"23":{"start":{"line":29,"column":2},"end":{"line":29,"column":21}},"24":{"start":{"line":18,"column":13},"end":{"line":18,"column":26}},"25":{"start":{"line":32,"column":26},"end":{"line":39,"column":1}},"26":{"start":{"line":33,"column":21},"end":{"line":33,"column":57}},"27":{"start":{"line":33,"column":42},"end":{"line":33,"column":56}},"28":{"start":{"line":34,"column":4},"end":{"line":36,"column":5}},"29":{"start":{"line":35,"column":6},"end":{"line":35,"column":null}},"30":{"start":{"line":37,"column":4},"end":{"line":37,"column":51}},"31":{"start":{"line":37,"column":35},"end":{"line":37,"column":49}},"32":{"start":{"line":38,"column":4},"end":{"line":38,"column":11}},"33":{"start":{"line":32,"column":13},"end":{"line":32,"column":26}}},"fnMap":{"0":{"name":"(anonymous_0)","decl":{"start":{"line":6,"column":27},"end":{"line":6,"column":32}},"loc":{"start":{"line":6,"column":57},"end":{"line":6,"column":62}}},"1":{"name":"(anonymous_1)","decl":{"start":{"line":8,"column":27},"end":{"line":8,"column":32}},"loc":{"start":{"line":8,"column":76},"end":{"line":10,"column":1}}},"2":{"name":"(anonymous_2)","decl":{"start":{"line":9,"column":20},"end":{"line":9,"column":21}},"loc":{"start":{"line":9,"column":30},"end":{"line":9,"column":44}}},"3":{"name":"(anonymous_3)","decl":{"start":{"line":11,"column":26},"end":{"line":11,"column":31}},"loc":{"start":{"line":11,"column":69},"end":{"line":16,"column":1}}},"4":{"name":"(anonymous_4)","decl":{"start":{"line":18,"column":26},"end":{"line":18,"column":31}},"loc":{"start":{"line":21,"column":27},"end":{"line":30,"column":1}}},"5":{"name":"(anonymous_5)","decl":{"start":{"line":22,"column":40},"end":{"line":22,"column":41}},"loc":{"start":{"line":22,"column":50},"end":{"line":22,"column":64}}},"6":{"name":"(anonymous_6)","decl":{"start":{"line":32,"column":26},"end":{"line":32,"column":31}},"loc":{"start":{"line":32,"column":69},"end":{"line":39,"column":1}}},"7":{"name":"(anonymous_7)","decl":{"start":{"line":33,"column":32},"end":{"line":33,"column":33}},"loc":{"start":{"line":33,"column":42},"end":{"line":33,"column":56}}},"8":{"name":"(anonymous_8)","decl":{"start":{"line":37,"column":25},"end":{"line":37,"column":26}},"loc":{"start":{"line":37,"column":35},"end":{"line":37,"column":49}}}},"branchMap":{"0":{"loc":{"start":{"line":23,"column":2},"end":{"line":25,"column":3}},"type":"if","locations":[{"start":{"line":23,"column":2},"end":{"line":25,"column":3}}]},"1":{"loc":{"start":{"line":34,"column":4},"end":{"line":36,"column":5}},"type":"if","locations":[{"start":{"line":34,"column":4},"end":{"line":36,"column":5}}]}},"s":{"0":1,"1":1,"2":1,"3":1,"4":1,"5":1,"6":0,"7":0,"8":1,"9":1,"10":0,"11":0,"12":0,"13":0,"14":1,"15":1,"16":0,"17":0,"18":0,"19":0,"20":0,"21":0,"22":0,"23":0,"24":1,"25":1,"26":0,"27":0,"28":0,"29":0,"30":0,"31":0,"32":0,"33":1},"f":{"0":1,"1":0,"2":0,"3":0,"4":0,"5":0,"6":0,"7":0,"8":0},"b":{"0":[0],"1":[0]}}
}
